<?xml version="1.0" encoding="UTF-8"?>
<!-- Generated by org.testng.reporters.JUnitReportReporter -->
<testsuite hostname="amit-IdeaPad-3-15ITL6" failures="0" tests="9" name="Features.Login_Page" time="9.909" errors="0" timestamp="2024-08-22T17:12:49 IST" skipped="0">
  <testcase classname="Features.Login_Page" name="VisitSite" time="6.008"/>
  <testcase classname="Features.Login_Page" name="Address" time="0.047"/>
  <testcase classname="Features.Login_Page" name="GSTIN" time="0.037"/>
  <testcase classname="Features.Login_Page" name="Login" time="1.745"/>
  <testcase classname="Features.Login_Page" name="LaunchBrowser" time="0.901"/>
  <testcase classname="Features.Login_Page" name="BankInfo" time="0.041"/>
  <testcase classname="Features.Login_Page" name="Profile" time="1.033"/>
  <testcase classname="Features.Login_Page" name="KYC" time="0.043"/>
  <testcase classname="Features.Login_Page" name="ProfileDropdown" time="0.054"/>
</testsuite> <!-- Features.Login_Page -->
