<?xml version="1.0" encoding="UTF-8"?>
<!-- Generated by org.testng.reporters.JUnitReportReporter -->
<testsuite hostname="amit-IdeaPad-3-15ITL6" failures="0" tests="9" name="Features.Login_Page" time="25.784" errors="0" timestamp="2024-08-27T13:02:47 IST" skipped="0">
  <testcase classname="Features.Login_Page" name="LaunchBrowser" time="0.900"/>
  <testcase classname="Features.Login_Page" name="Deals" time="0.046"/>
  <testcase classname="Features.Login_Page" name="Logout" time="3.315"/>
  <testcase classname="Features.Login_Page" name="Login" time="5.775"/>
  <testcase classname="Features.Login_Page" name="DealsList" time="4.196"/>
  <testcase classname="Features.Login_Page" name="VisitSite" time="4.668"/>
  <testcase classname="Features.Login_Page" name="CreateDeal" time="6.732"/>
  <testcase classname="Features.Login_Page" name="CloseBrowser" time="0.108"/>
  <testcase classname="Features.Login_Page" name="ProfileDropdown" time="0.044"/>
</testsuite> <!-- Features.Login_Page -->
